c:\dev\personalproject\2dgameengine\2dgameengine\x64\debug\vc143.pdb
c:\dev\personalproject\2dgameengine\2dgameengine\x64\debug\vc143.idb
c:\dev\personalproject\2dgameengine\2dgameengine\x64\debug\main.obj
c:\dev\personalproject\2dgameengine\2dgameengine\x64\debug\logger.obj
c:\dev\personalproject\2dgameengine\2dgameengine\x64\debug\game.obj
c:\dev\personalproject\2dgameengine\2dgameengine\x64\debug\ecs.obj
c:\dev\personalproject\2dgameengine\2dgameengine\x64\debug\assetstore.obj
c:\dev\personalproject\2dgameengine\2dgameengine\x64\debug\imgui_widgets.obj
c:\dev\personalproject\2dgameengine\2dgameengine\x64\debug\imgui_sdl.obj
c:\dev\personalproject\2dgameengine\2dgameengine\x64\debug\imgui_draw.obj
c:\dev\personalproject\2dgameengine\2dgameengine\x64\debug\imgui_demo.obj
c:\dev\personalproject\2dgameengine\2dgameengine\x64\debug\imgui.obj
c:\dev\personalproject\2dgameengine\2dgameengine\x64\debug\glm.obj
c:\dev\personalproject\2dgameengine\x64\debug\2dgameengine.exe
c:\dev\personalproject\2dgameengine\2dgameengine\x64\debug\2dgameengine.ilk
c:\dev\personalproject\2dgameengine\x64\debug\2dgameengine.pdb
c:\dev\personalproject\2dgameengine\2dgameengine\x64\debug\2dgameengine.tlog\cl.command.1.tlog
c:\dev\personalproject\2dgameengine\2dgameengine\x64\debug\2dgameengine.tlog\cl.items.tlog
c:\dev\personalproject\2dgameengine\2dgameengine\x64\debug\2dgameengine.tlog\cl.read.1.tlog
c:\dev\personalproject\2dgameengine\2dgameengine\x64\debug\2dgameengine.tlog\cl.write.1.tlog
c:\dev\personalproject\2dgameengine\2dgameengine\x64\debug\2dgameengine.tlog\link.command.1.tlog
c:\dev\personalproject\2dgameengine\2dgameengine\x64\debug\2dgameengine.tlog\link.read.1.tlog
c:\dev\personalproject\2dgameengine\2dgameengine\x64\debug\2dgameengine.tlog\link.write.1.tlog
