  Game.cpp
C:\Dev\PersonalProject\2DGameEngine\2DGameEngine\src\Systems\MovementSystem.h(26,49): warning C4244: '+=': conversion from 'double' to 'T', possible loss of data
          with
          [
              T=float
          ]
C:\Dev\PersonalProject\2DGameEngine\2DGameEngine\src\Systems\MovementSystem.h(27,49): warning C4244: '+=': conversion from 'double' to 'T', possible loss of data
          with
          [
              T=float
          ]
C:\Dev\PersonalProject\2DGameEngine\2DGameEngine\src\Systems\ProjectileEmitSystem.h(108,60): warning C4018: '>': signed/unsigned mismatch
C:\Dev\PersonalProject\2DGameEngine\2DGameEngine\src\Systems\ProjectileLifecycleSystem.h(26,46): warning C4018: '>': signed/unsigned mismatch
C:\Dev\PersonalProject\2DGameEngine\2DGameEngine\src\Game\Game.cpp(80,13): warning C4244: '=': conversion from 'double' to 'int', possible loss of data
C:\Dev\PersonalProject\2DGameEngine\2DGameEngine\src\Game\Game.cpp(81,13): warning C4244: '=': conversion from 'double' to 'int', possible loss of data
C:\Dev\PersonalProject\2DGameEngine\2DGameEngine\src\Game\Game.cpp(170,35): warning C4244: '=': conversion from 'double' to 'int', possible loss of data
C:\Dev\PersonalProject\2DGameEngine\2DGameEngine\src\Game\Game.cpp(171,36): warning C4244: '=': conversion from 'double' to 'int', possible loss of data
C:\Dev\PersonalProject\2DGameEngine\2DGameEngine\src\ECS\ECS.h(131,19): warning C4267: 'return': conversion from 'size_t' to 'int', possible loss of data
C:\Dev\PersonalProject\2DGameEngine\2DGameEngine\src\ECS\ECS.h(130,6): message : while compiling class template member function 'int Pool<CameraFollowComponent>::GetSize(void) const'
C:\Dev\PersonalProject\2DGameEngine\2DGameEngine\src\ECS\ECS.h(303,2): message : see the first reference to 'Pool<CameraFollowComponent>::GetSize' in 'Registry::AddComponent'
C:\Dev\PersonalProject\2DGameEngine\2DGameEngine\src\ECS\ECS.h(287): message : see reference to class template instantiation 'Pool<CameraFollowComponent>' being compiled
C:\Dev\PersonalProject\2DGameEngine\2DGameEngine\src\ECS\ECS.h(349,10): message : see reference to function template instantiation 'void Registry::AddComponent<CameraFollowComponent,>(Entity)' being compiled
C:\Dev\PersonalProject\2DGameEngine\2DGameEngine\src\Game\Game.cpp(183,9): message : see reference to function template instantiation 'void Entity::AddComponent<CameraFollowComponent,>(void)' being compiled
  2DGameEngine.vcxproj -> C:\Dev\PersonalProject\2DGameEngine\x64\Debug\2DGameEngine.exe
